This is pdfTeX, Version 3.14159265-2.6-1.40.20 (TeX Live 2019/Debian) (preloaded format=pdflatex 2021.10.24)  24 OCT 2021 19:33
entering extended mode
 restricted \write18 enabled.
 %&-line parsing enabled.
**sprawozdanie.tex
(./sprawozdanie.tex
LaTeX2e <2020-02-02> patch level 2
L3 programming layer <2020-02-14>
(/usr/share/texlive/texmf-dist/tex/latex/base/report.cls
Document Class: report 2019/12/20 v1.4l Standard LaTeX document class
(/usr/share/texlive/texmf-dist/tex/latex/base/size10.clo
File: size10.clo 2019/12/20 v1.4l Standard LaTeX file (size option)
)
\c@part=\count167
\c@chapter=\count168
\c@section=\count169
\c@subsection=\count170
\c@subsubsection=\count171
\c@paragraph=\count172
\c@subparagraph=\count173
\c@figure=\count174
\c@table=\count175
\abovecaptionskip=\skip47
\belowcaptionskip=\skip48
\bibindent=\dimen134
)
(/usr/share/texlive/texmf-dist/tex/latex/base/inputenc.sty
Package: inputenc 2018/08/11 v1.3c Input encoding file
\inpenc@prehook=\toks14
\inpenc@posthook=\toks15
)
(/usr/share/texlive/texmf-dist/tex/latex/base/fontenc.sty
Package: fontenc 2020/02/11 v2.0o Standard LaTeX package
)
(/usr/share/texlive/texmf-dist/tex/latex/titlesec/titlesec.sty
Package: titlesec 2019/10/16 v2.13 Sectioning titles
\ttl@box=\box45
\beforetitleunit=\skip49
\aftertitleunit=\skip50
\ttl@plus=\dimen135
\ttl@minus=\dimen136
\ttl@toksa=\toks16
\titlewidth=\dimen137
\titlewidthlast=\dimen138
\titlewidthfirst=\dimen139
)
(/usr/share/texlive/texmf-dist/tex/latex/l3backend/l3backend-pdfmode.def
File: l3backend-pdfmode.def 2020-02-03 L3 backend support: PDF mode
\l__kernel_color_stack_int=\count176
\l__pdf_internal_box=\box46
)

LaTeX Warning: Unused global option(s):
    [14pt].

(./sprawozdanie.aux

LaTeX Warning: Label `TableMax' multiply defined.


LaTeX Warning: Label `TableKahan' multiply defined.


LaTeX Warning: Label `Zad6Wyniki' multiply defined.

)
\openout1 = `sprawozdanie.aux'.

LaTeX Font Info:    Checking defaults for OML/cmm/m/it on input line 14.
LaTeX Font Info:    ... okay on input line 14.
LaTeX Font Info:    Checking defaults for OMS/cmsy/m/n on input line 14.
LaTeX Font Info:    ... okay on input line 14.
LaTeX Font Info:    Checking defaults for OT1/cmr/m/n on input line 14.
LaTeX Font Info:    ... okay on input line 14.
LaTeX Font Info:    Checking defaults for T1/cmr/m/n on input line 14.
LaTeX Font Info:    ... okay on input line 14.
LaTeX Font Info:    Checking defaults for TS1/cmr/m/n on input line 14.
LaTeX Font Info:    ... okay on input line 14.
LaTeX Font Info:    Checking defaults for OMX/cmex/m/n on input line 14.
LaTeX Font Info:    ... okay on input line 14.
LaTeX Font Info:    Checking defaults for U/cmr/m/n on input line 14.
LaTeX Font Info:    ... okay on input line 14.
LaTeX Font Info:    External font `cmex10' loaded for size
(Font)              <12> on input line 15.
LaTeX Font Info:    External font `cmex10' loaded for size
(Font)              <8> on input line 15.
LaTeX Font Info:    External font `cmex10' loaded for size
(Font)              <6> on input line 15.
LaTeX Font Info:    External font `cmex10' loaded for size
(Font)              <9> on input line 15.
LaTeX Font Info:    External font `cmex10' loaded for size
(Font)              <5> on input line 15.
 [1

{/var/lib/texmf/fonts/map/pdftex/updmap/pdftex.map}] (./sprawozdanie.toc
LaTeX Font Info:    External font `cmex10' loaded for size
(Font)              <7> on input line 2.

[1

])
\tf@toc=\write3
\openout3 = `sprawozdanie.toc'.

 [2]
Chapter 1.

Overfull \hbox (13.55789pt too wide) in paragraph at lines 21--22
[]\T1/cmr/m/n/10 Epsilon maszynowego (ang. ma-chine ep-silon, zwanego równie» j
ako \T1/cmr/m/it/10 macheps\T1/cmr/m/n/10 ),
 []


Overfull \hbox (2.25467pt too wide) in paragraph at lines 25--27
\T1/cmr/m/n/10 czyli na-jm-niejszej takiej liczby, która do-dana do 1 ci¡-gle z
mienia jej warto±¢ 
 []

[3

]
Overfull \hbox (8.94135pt too wide) in paragraph at lines 50--53
\T1/cmr/m/n/10 Przeformuªujmy lekko to zadanie w celu ªatwiejszego przed-staw-i
enia rozumowania-
 []


Overfull \hbox (6.83075pt too wide) in paragraph at lines 50--53
\T1/cmr/m/n/10 Niech warto±-ci¡ star-tow¡ b¦dzie 1, a naszym zadaniem b¦dzie zn
alezie-nie warto±ci,
 []


Overfull \hbox (63.52196pt too wide) in paragraph at lines 50--53
\T1/cmr/m/n/10 przykªadu zmi-enna \T1/cmr/m/it/10 un-der-flow \T1/cmr/m/n/10 b¦
dzie otrzymy-waªa nast¦pu-j¡ce warto±ci: $\OMS/cmsy/m/n/10 f\OT1/cmr/m/n/10 1\O
ML/cmm/m/it/10 ; \OT1/cmr/m/n/10 0\OML/cmm/m/it/10 :\OT1/cmr/m/n/10 5\OML/cmm/m
/it/10 ; \OT1/cmr/m/n/10 0\OML/cmm/m/it/10 :\OT1/cmr/m/n/10 25\OML/cmm/m/it/10 
; \OT1/cmr/m/n/10 0\OML/cmm/m/it/10 :\OT1/cmr/m/n/10 125\OML/cmm/m/it/10 ; :::\
OMS/cmsy/m/n/10 g$
 []

[4]
Overfull \hbox (90.15552pt too wide) in paragraph at lines 57--66
 [][] 
 []


Overfull \hbox (120.1482pt too wide) in paragraph at lines 87--96
 [][] 
 []

[5] [6]
Chapter 2.

Overfull \hbox (5.95091pt too wide) in paragraph at lines 151--160
 [][] 
 []

[7

] [8]
Chapter 3.

Overfull \hbox (19.66095pt too wide) in paragraph at lines 175--176
\T1/cmr/m/n/10 Celem tego zada-nia byªo sprawdze-nie g¦s-to±ci rozªo»e-nia licz
b zmi-enno-przecinkowych
 []

[9

]
Overfull \hbox (18.49457pt too wide) in paragraph at lines 206--207
\T1/cmr/m/n/10 sposób, jest bezcelowa, gdy» w takim przedziale liczby nie s¡ ro
zªo»one równomiernie.
 []

[10]
Chapter 4.
[11

]
Chapter 5.

Underfull \hbox (badness 10000) in paragraph at lines 247--250

 []


Overfull \hbox (5.59848pt too wide) in paragraph at lines 251--254
\T1/cmr/m/n/10 dawa-niu "od na-jwi¦k-szego do na-jm-niejszego". W swo-jej im-pl
e-men-tacji postanow-
 []


Overfull \hbox (9.03568pt too wide) in paragraph at lines 251--254
\T1/cmr/m/n/10 Ostatecznie do-chodzi do zsumowa-nia el-e-men-tów zna-j-du-j¡-cy
ch si¦ w \T1/cmr/m/it/10 pos-i-tive_array
 []


Underfull \hbox (badness 10000) in paragraph at lines 251--254

 []

[12

] [13]
Chapter 6.

Underfull \hbox (badness 10000) in paragraph at lines 312--344

 []


LaTeX Warning: `!h' float specifier changed to `!ht'.


Overfull \hbox (1.10992pt too wide) in paragraph at lines 348--349
\T1/cmr/m/n/10 Wykonuj¡¢ dzi-aªa-nia w artymetyce zmi-enno-przecinkowej nale»y 
uwa»ac na liczb¦
 []


Overfull \hbox (0.5545pt too wide) in paragraph at lines 348--349
\T1/cmr/m/n/10 datkowym wnioskiem pªyn¡-cym w wyko-nanego zada-nia jest fakt, i
» ode-j-mowanie
 []

[14

] [15]
Chapter 7.

Overfull \hbox (111.50322pt too wide) in paragraph at lines 385--421
 [][] 
 []


LaTeX Warning: `!h' float specifier changed to `!ht'.

[16

] [17] (./sprawozdanie.aux)

LaTeX Warning: There were multiply-defined labels.

 ) 
Here is how much of TeX's memory you used:
 968 strings out of 483183
 12655 string characters out of 5966291
 253313 words of memory out of 5000000
 16030 multiletter control sequences out of 15000+600000
 544690 words of font info for 48 fonts, out of 8000000 for 9000
 14 hyphenation exceptions out of 8191
 25i,11n,32p,1135b,264s stack positions out of 5000i,500n,10000p,200000b,80000s
 </home/radikey/.texlive2019/texmf-var/fonts/pk/ljfour/jknappen/ec/tcrm1000.6
00pk> </home/radikey/.texlive2019/texmf-var/fonts/pk/ljfour/jknappen/ec/ecti100
0.600pk> </home/radikey/.texlive2019/texmf-var/fonts/pk/ljfour/jknappen/ec/ecbx
1440.600pk> </home/radikey/.texlive2019/texmf-var/fonts/pk/ljfour/jknappen/ec/e
crm1000.600pk> </home/radikey/.texlive2019/texmf-var/fonts/pk/ljfour/jknappen/e
c/ecbx1000.600pk> </home/radikey/.texlive2019/texmf-var/fonts/pk/ljfour/jknappe
n/ec/ecbx2488.600pk> </home/radikey/.texlive2019/texmf-var/fonts/pk/ljfour/jkna
ppen/ec/ecrm0900.600pk> </home/radikey/.texlive2019/texmf-var/fonts/pk/ljfour/j
knappen/ec/ecrm0600.600pk> </home/radikey/.texlive2019/texmf-var/fonts/pk/ljfou
r/jknappen/ec/ecrm0800.600pk> </home/radikey/.texlive2019/texmf-var/fonts/pk/lj
four/jknappen/ec/ecrm1200.600pk> </home/radikey/.texlive2019/texmf-var/fonts/pk
/ljfour/jknappen/ec/ecrm1728.600pk></usr/share/texlive/texmf-dist/fonts/type1/p
ublic/amsfonts/cm/cmex10.pfb></usr/share/texlive/texmf-dist/fonts/type1/public/
amsfonts/cm/cmmi10.pfb></usr/share/texlive/texmf-dist/fonts/type1/public/amsfon
ts/cm/cmmi7.pfb></usr/share/texlive/texmf-dist/fonts/type1/public/amsfonts/cm/c
mr10.pfb></usr/share/texlive/texmf-dist/fonts/type1/public/amsfonts/cm/cmr5.pfb
></usr/share/texlive/texmf-dist/fonts/type1/public/amsfonts/cm/cmr7.pfb></usr/s
hare/texlive/texmf-dist/fonts/type1/public/amsfonts/cm/cmsy10.pfb></usr/share/t
exlive/texmf-dist/fonts/type1/public/amsfonts/cm/cmsy5.pfb></usr/share/texlive/
texmf-dist/fonts/type1/public/amsfonts/cm/cmsy7.pfb>
Output written on sprawozdanie.pdf (18 pages, 191036 bytes).
PDF statistics:
 384 PDF objects out of 1000 (max. 8388607)
 112 compressed objects within 2 object streams
 0 named destinations out of 1000 (max. 500000)
 1 words of extra memory for PDF output out of 10000 (max. 10000000)

